<?xml version="1.0" encoding="UTF-8"?>
<!-- Generated by org.testng.reporters.JUnitReportReporter -->
<testsuite hostname="Fatihs-MacBook-Pro.local" failures="0" tests="1" name="Tests.webPageTest" time="20.899" errors="0" timestamp="2022-09-15T02:14:30 BST" skipped="0">
  <testcase classname="Tests.webPageTest" name="test1" time="20.899"/>
  <system-out/>
</testsuite> <!-- Tests.webPageTest -->
